d:\study\ood\project2\remote_code_repository\mockchannel\debug\vc140.pdb
d:\study\ood\project2\remote_code_repository\mockchannel\debug\vc140.idb
d:\study\ood\project2\remote_code_repository\mockchannel\debug\client.obj
d:\study\ood\project2\remote_code_repository\mockchannel\debug\filemgr.obj
d:\study\ood\project2\remote_code_repository\mockchannel\debug\filesystem.obj
d:\study\ood\project2\remote_code_repository\mockchannel\debug\httpmessage.obj
d:\study\ood\project2\remote_code_repository\mockchannel\debug\logger.obj
d:\study\ood\project2\remote_code_repository\mockchannel\debug\metadatahandler.obj
d:\study\ood\project2\remote_code_repository\mockchannel\debug\receiver.obj
d:\study\ood\project2\remote_code_repository\mockchannel\debug\sender.obj
d:\study\ood\project2\remote_code_repository\mockchannel\debug\sockets.obj
d:\study\ood\project2\remote_code_repository\mockchannel\debug\utilities.obj
d:\study\ood\project2\remote_code_repository\mockchannel\debug\xmldocument.obj
d:\study\ood\project2\remote_code_repository\mockchannel\debug\tokenizer.obj
d:\study\ood\project2\remote_code_repository\mockchannel\debug\xmlelementparts.obj
d:\study\ood\project2\remote_code_repository\mockchannel\debug\xmlelement.obj
d:\study\ood\project2\remote_code_repository\mockchannel\debug\xmlparser.obj
d:\study\ood\project2\remote_code_repository\mockchannel\debug\cpp11-blockingqueue.obj
d:\study\ood\project2\remote_code_repository\mockchannel\debug\mockchannel.obj
d:\study\ood\project2\remote_code_repository\debug\mockchannel.ilk
d:\study\ood\project2\remote_code_repository\debug\mockchannel.dll
d:\study\ood\project2\remote_code_repository\debug\mockchannel.pdb
d:\study\ood\project2\remote_code_repository\debug\mockchannel.lib
d:\study\ood\project2\remote_code_repository\debug\mockchannel.exp
d:\study\ood\project2\remote_code_repository\mockchannel\debug\mockchannel.tlog\cl.command.1.tlog
d:\study\ood\project2\remote_code_repository\mockchannel\debug\mockchannel.tlog\cl.read.1.tlog
d:\study\ood\project2\remote_code_repository\mockchannel\debug\mockchannel.tlog\cl.write.1.tlog
d:\study\ood\project2\remote_code_repository\mockchannel\debug\mockchannel.tlog\link.command.1.tlog
d:\study\ood\project2\remote_code_repository\mockchannel\debug\mockchannel.tlog\link.read.1.tlog
d:\study\ood\project2\remote_code_repository\mockchannel\debug\mockchannel.tlog\link.write.1.tlog
d:\study\ood\project2\remote_code_repository\mockchannel\debug\mockchannel.tlog\mockchannel.write.1u.tlog
