d:\study\ood\project2\remote_code_repository\client\debug\vc140.pdb
d:\study\ood\project2\remote_code_repository\client\debug\vc140.idb
d:\study\ood\project2\remote_code_repository\client\debug\filemgr.obj
d:\study\ood\project2\remote_code_repository\client\debug\filesystem.obj
d:\study\ood\project2\remote_code_repository\client\debug\httpmessage.obj
d:\study\ood\project2\remote_code_repository\client\debug\logger.obj
d:\study\ood\project2\remote_code_repository\client\debug\metadatahandler.obj
d:\study\ood\project2\remote_code_repository\client\debug\receiver.obj
d:\study\ood\project2\remote_code_repository\client\debug\sender.obj
d:\study\ood\project2\remote_code_repository\client\debug\sockets.obj
d:\study\ood\project2\remote_code_repository\client\debug\utilities.obj
d:\study\ood\project2\remote_code_repository\client\debug\xmldocument.obj
d:\study\ood\project2\remote_code_repository\client\debug\tokenizer.obj
d:\study\ood\project2\remote_code_repository\client\debug\xmlelementparts.obj
d:\study\ood\project2\remote_code_repository\client\debug\xmlelement.obj
d:\study\ood\project2\remote_code_repository\client\debug\xmlparser.obj
d:\study\ood\project2\remote_code_repository\client\debug\client.obj
d:\study\ood\project2\remote_code_repository\debug\client.ilk
d:\study\ood\project2\remote_code_repository\debug\client.exe
d:\study\ood\project2\remote_code_repository\debug\client.pdb
d:\study\ood\project2\remote_code_repository\client\debug\client.tlog\cl.command.1.tlog
d:\study\ood\project2\remote_code_repository\client\debug\client.tlog\cl.read.1.tlog
d:\study\ood\project2\remote_code_repository\client\debug\client.tlog\cl.write.1.tlog
d:\study\ood\project2\remote_code_repository\client\debug\client.tlog\link.command.1.tlog
d:\study\ood\project2\remote_code_repository\client\debug\client.tlog\link.read.1.tlog
d:\study\ood\project2\remote_code_repository\client\debug\client.tlog\link.write.1.tlog
