d:\study\ood\project2\remote_code_repository\server\debug\vc140.pdb
d:\study\ood\project2\remote_code_repository\server\debug\vc140.idb
d:\study\ood\project2\remote_code_repository\server\debug\filemgr.obj
d:\study\ood\project2\remote_code_repository\server\debug\filesystem.obj
d:\study\ood\project2\remote_code_repository\server\debug\httpmessage.obj
d:\study\ood\project2\remote_code_repository\server\debug\logger.obj
d:\study\ood\project2\remote_code_repository\server\debug\metadatahandler.obj
d:\study\ood\project2\remote_code_repository\server\debug\receiver.obj
d:\study\ood\project2\remote_code_repository\server\debug\sender.obj
d:\study\ood\project2\remote_code_repository\server\debug\sockets.obj
d:\study\ood\project2\remote_code_repository\server\debug\utilities.obj
d:\study\ood\project2\remote_code_repository\server\debug\xmldocument.obj
d:\study\ood\project2\remote_code_repository\server\debug\tokenizer.obj
d:\study\ood\project2\remote_code_repository\server\debug\xmlelementparts.obj
d:\study\ood\project2\remote_code_repository\server\debug\xmlelement.obj
d:\study\ood\project2\remote_code_repository\server\debug\xmlparser.obj
d:\study\ood\project2\remote_code_repository\server\debug\server.obj
d:\study\ood\project2\remote_code_repository\debug\server.ilk
d:\study\ood\project2\remote_code_repository\debug\server.exe
d:\study\ood\project2\remote_code_repository\debug\server.pdb
d:\study\ood\project2\remote_code_repository\server\debug\server.tlog\cl.command.1.tlog
d:\study\ood\project2\remote_code_repository\server\debug\server.tlog\cl.read.1.tlog
d:\study\ood\project2\remote_code_repository\server\debug\server.tlog\cl.write.1.tlog
d:\study\ood\project2\remote_code_repository\server\debug\server.tlog\link.command.1.tlog
d:\study\ood\project2\remote_code_repository\server\debug\server.tlog\link.read.1.tlog
d:\study\ood\project2\remote_code_repository\server\debug\server.tlog\link.write.1.tlog
