d:\study\ood\project2\remote_code_repository\receiver\debug\receiver.pdb
d:\study\ood\project2\remote_code_repository\receiver\debug\receiver.idb
d:\study\ood\project2\remote_code_repository\receiver\debug\filesystem.obj
d:\study\ood\project2\remote_code_repository\receiver\debug\httpmessage.obj
d:\study\ood\project2\remote_code_repository\receiver\debug\logger.obj
d:\study\ood\project2\remote_code_repository\receiver\debug\metadatahandler.obj
d:\study\ood\project2\remote_code_repository\receiver\debug\sockets.obj
d:\study\ood\project2\remote_code_repository\receiver\debug\utilities.obj
d:\study\ood\project2\remote_code_repository\receiver\debug\windowshelpers.obj
d:\study\ood\project2\remote_code_repository\receiver\debug\xmldocument.obj
d:\study\ood\project2\remote_code_repository\receiver\debug\tokenizer.obj
d:\study\ood\project2\remote_code_repository\receiver\debug\xmlelementparts.obj
d:\study\ood\project2\remote_code_repository\receiver\debug\xmlelement.obj
d:\study\ood\project2\remote_code_repository\receiver\debug\xmlparser.obj
d:\study\ood\project2\remote_code_repository\receiver\debug\receiver.obj
d:\study\ood\project2\remote_code_repository\debug\receiver.lib
d:\study\ood\project2\remote_code_repository\debug\receiver.pdb
d:\study\ood\project2\remote_code_repository\receiver\debug\receiver.tlog\cl.command.1.tlog
d:\study\ood\project2\remote_code_repository\receiver\debug\receiver.tlog\cl.read.1.tlog
d:\study\ood\project2\remote_code_repository\receiver\debug\receiver.tlog\cl.write.1.tlog
d:\study\ood\project2\remote_code_repository\receiver\debug\receiver.tlog\lib-link.read.1.tlog
d:\study\ood\project2\remote_code_repository\receiver\debug\receiver.tlog\lib-link.write.1.tlog
d:\study\ood\project2\remote_code_repository\receiver\debug\receiver.tlog\lib.command.1.tlog
